
Showing logs for build [32mcb-kubecd-environment-pr-199-17-bpdj8-1[0m stage [32mfrom-build-pack[0m and container [32mstep-credential-initializer-jxhq8[0m
{"level":"warn","ts":1586840445.8044684,"logger":"fallback-logger","caller":"logging/config.go:69","msg":"Fetch GitHub commit ID from kodata failed: \"ref: refs/heads/0.8.0-**-support-backwards-incompats\" is not a valid GitHub commit ID"}
{"level":"info","ts":1586840445.8050659,"logger":"fallback-logger","caller":"creds-init/main.go:40","msg":"Credentials initialized."}

Showing logs for build [32mcb-kubecd-environment-pr-199-17-bpdj8-1[0m stage [32mfrom-build-pack[0m and container [32mstep-working-dir-initializer-w7sgv[0m
{"level":"warn","ts":1586840446.6311872,"logger":"fallback-logger","caller":"logging/config.go:69","msg":"Fetch GitHub commit ID from kodata failed: open /var/run/ko/HEAD: no such file or directory"}
{"level":"info","ts":1586840446.6323905,"logger":"fallback-logger","caller":"bash/main.go:64","msg":"Successfully executed command \"sh -c mkdir -p /workspace/source\"; output "}

Showing logs for build [32mcb-kubecd-environment-pr-199-17-bpdj8-1[0m stage [32mfrom-build-pack[0m and container [32mstep-place-tools[0m

Showing logs for build [32mcb-kubecd-environment-pr-199-17-bpdj8-1[0m stage [32mfrom-build-pack[0m and container [32mstep-git-source-cb-kubecd-environment-pr-199-17-bpdj8-bjdk2[0m
{"level":"warn","ts":1586840450.7451258,"logger":"fallback-logger","caller":"logging/config.go:69","msg":"Fetch GitHub commit ID from kodata failed: \"ref: refs/heads/0.8.0-**-support-backwards-incompats\" is not a valid GitHub commit ID"}
{"level":"info","ts":1586840451.7607732,"logger":"fallback-logger","caller":"git/git.go:103","msg":"Successfully cloned https://github.com/cb-kubecd/environment-pr-199-170-boot-vault-gke-staging.git @ master in path /workspace/source"}

Showing logs for build [32mcb-kubecd-environment-pr-199-17-bpdj8-1[0m stage [32mfrom-build-pack[0m and container [32mstep-git-merge[0m
Using SHAs from PULL_REFS=master:cbcab01286e82aa6e99a33c09ef6fddbbfdc8937,2:cb7966a656575d2f6d5bcaa82d3d68814130642f
DEBUG: JX_LOG_LEVEL=error LC_ALL=C git fetch origin --unshallow cb7966a656575d2f6d5bcaa82d3d68814130642f: cbcab01286e82aa6e99a33c09ef6fddbbfdc8937:
DEBUG: ran git fetch --unshallow origin cb7966a656575d2f6d5bcaa82d3d68814130642f: cbcab01286e82aa6e99a33c09ef6fddbbfdc8937: in 
DEBUG: LC_ALL=C JX_LOG_LEVEL=error git branch
DEBUG: JX_LOG_LEVEL=error LC_ALL=C git checkout master
DEBUG: ran git checkout master in 
DEBUG: LC_ALL=C JX_LOG_LEVEL=error git reset --hard cbcab01286e82aa6e99a33c09ef6fddbbfdc8937
DEBUG: ran git reset --hard cbcab01286e82aa6e99a33c09ef6fddbbfdc8937 in 
DEBUG: JX_LOG_LEVEL=error LC_ALL=C git clean -fd .
DEBUG: ran clean --force -d . in 
DEBUG: JX_LOG_LEVEL=error LC_ALL=C git merge cb7966a656575d2f6d5bcaa82d3d68814130642f
DEBUG: ran git merge cb7966a656575d2f6d5bcaa82d3d68814130642f in 
DEBUG: LC_ALL=C JX_LOG_LEVEL=error git log --format=%H%x1f%an%x1f%ae%x1f%cn%x1f%ce%x1f%s%n%b%x1e cbcab01286e82aa6e99a33c09ef6fddbbfdc8937..HEAD
Merged SHA cb7966a656575d2f6d5bcaa82d3d68814130642f with commit message 'chore: Promote bdd-sbhg-1586840067 to version 0.0.1' into base branch master

Showing logs for build [32mcb-kubecd-environment-pr-199-17-bpdj8-1[0m stage [32mfrom-build-pack[0m and container [32mstep-build-helm-build[0m
WARNING: No $CHART_REPOSITORY defined so using the default value of: http://jenkins-x-chartmuseum:8080
Adding missing Helm repo: storage.googleapis.com https://storage.googleapis.com/chartmuseum.jenkins-x.io
WARNING: No secrets found on "helm/repos" due: reading the secret "helm/repos" from vault: no secret "helm/repos" not found in vault
Read credentials for https://storage.googleapis.com/chartmuseum.jenkins-x.io from vault helm/repos
Successfully added Helm repository storage.googleapis.com.
Adding missing Helm repo: jenkins-x-chartmuseum http://jenkins-x-chartmuseum:8080
WARNING: No secrets found on "helm/repos" due: reading the secret "helm/repos" from vault: no secret "helm/repos" not found in vault
Read credentials for http://jenkins-x-chartmuseum:8080 from vault helm/repos
Successfully added Helm repository jenkins-x-chartmuseum.
WARNING: No $CHART_REPOSITORY defined so using the default value of: http://jenkins-x-chartmuseum:8080
Adding missing Helm repo: chartmuseum.jenkins-x.io http://chartmuseum.jenkins-x.io
WARNING: No secrets found on "helm/repos" due: reading the secret "helm/repos" from vault: no secret "helm/repos" not found in vault
Read credentials for http://chartmuseum.jenkins-x.io from vault helm/repos
Successfully added Helm repository chartmuseum.jenkins-x.io.
